ARGE023
ARGE027
ARGE057
ARGE067
ARGE071
ARGE072
ARGE083
ARGE087
ARGE088
ARGE089
ARGE090
ARGE091
ARGE093
ARGE094
ARGE095
ARGE096
ARGE101
ARGE102
ARGE103
ARGE104
ARGE105
ARGE106
ARGE107
ARGE108
ARGE109
ARGE116
CANA046
CANA053
CANA082
CANA084
CANA085
CANA089
CANA091
CANA096
CANA114
FINL010
FINL011
FINL018
FINL019
FRAN021
FRAN023
GA001
GERM011
IA027
ITAL006
ITAL008
MT108
NEWZ027
NEWZ052
NORW005
NV500
OR043
SWED010
SWED011
SWED015
SWED017
SWED317
SWED318
SWED319
SWED322
SWIT103
SWIT105
SWIT107
SWIT110
SWIT112
SWIT113
SWIT114
SWIT115
SWIT116
SWIT117
SWIT122
SWIT123
SWIT137
SWIT180
SWIT181
SWIT184
SWIT185
SWIT186
SWIT272
SWIT273
TURK015
TURK018
TURK036
TURK043
AK048
AK050
AK052
AK066
AK067
AK109
AK110
AK112
ARGE110
ARGE111
ARGE112
ARGE113
ARGE124
ARGE126
ARGE127
ARGE128
AUSL024
AUSL026
AUSL027
AUSL028
AUSL029
AUSL032
AUSL033
AUSL035
BRIT10
BRIT11
BRIT12
BT011
CANA202
CANA206
CANA215
CANA220
CANA233
CANA235
CANA237
CANA260
CANA271
CANA273
CANA275
CANA276
CANA311
CANA315
CANA318
CANA320
CANA323
CANA326
CANA352
CANA358
CANA367
CANA371
CANA384
CANA394
CANA430
CANA432
CANA456
CHIL025
CHIN027
CHIN038
CHIN067
CHIN069
CO644
CO646
FINL023
FINL024
FINL025
FINL026
FINL027
FINL028
FINL029
FINL030
FINL031
FINL032
FINL033
FINL034
FINL035
FINL036
FINL037
FINL038
FINL039
FINL040
FINL041
FINL042
FINL043
FINL044
FINL045
FINL046
FINL047
FINL048
FINL049
FINL050
FINL051
FINL052
FINL053
FINL067
FINL068
FINL069
FINL070
FINL071
FINL072
FINL073
FINL074
FRAN041
FRAN042
FRAN043
FRAN044
FRAN045
FRAN046
FRAN047
GEOR002
GEOR003
GEOR004
GEOR005
GEOR006
GEOR007
GEOR008
GEOR009
GEOR010
GERM074
GERM108
GERM172
GERM195
GERM196
GERM197
GERM198
GERM199
GERM203
GERM21
GERM216
GERM300
INDO007
ITAL026
JAPA013
JAPA014
JAPA016
JAPA017
JAPA018
KYRG012
KYRG013
KYRG014
MA003
MI016
MI019
MI020
MO045
MO046
MO051
MO052
MO053
MO058
MO070
MO072
MO075
MONG016
MONG025
MONG032
MONG033
MORC018
MORC019
MORC020
MORC021
MORC022
MORC023
NC016
NC10
NC11
NEPA003
NEPA010
NEPA013
NEPA014
NEPA015
NEPA016
NEPA027
NEPA030
NEPA032
NEPA033
NEPA034
NEPA036
NJ009
NV520
NY016
NY023
NY036
NY041
OH004
OK032
OK034
OR088
OR090
PA015
PAKI027
PAKI029
POLA022
POLA023
POLA024
POLA025
POLA026
POLA027
POLA028
POLA029
POLA030
POLA031
POLA032
POLA033
POLA034
POLA035
POLA036
POLA037
ROMA005
ROMA006
ROMA007
ROMA008
ROMA009
ROMA010
RUSS181
RUSS182
RUSS183
RUSS209
RUSS212
RUSS224
SPAI060
SPAI061
SPAI062
SPAI063
SPAI064
SPAI068
SPAI069
SPAI070
SPAI071
SPAI072
SPAI073
SVK001
SVK002
SVK003
SVK004
SVK005
SVK006
SWED312
SWED313
SWED330
SWED331
SWED332
SWED333
SWIT197
SWIT198
SWIT199
SWIT200
SWIT201
SWIT202
SWIT204
SWIT205
SWIT206
SWIT207
SWIT208
SWIT209
SWIT210
SWIT211
SWIT212
SWIT213
SWIT216
SWIT217
SWIT218
SWIT220
SWIT226
SWIT229
SWIT231
SWIT232
SWIT233
SWIT234
SWIT235
SWIT236
SWIT237
SWIT238
SWIT239
SWIT240
SWIT241
SWIT242
SWIT243
SWIT244
SWIT246
SWIT247
SWIT248
SWIT249
SWIT250
SWIT251
SWIT252
SWIT253
SWIT254
SWIT255
SWIT256
SWIT257
SWIT258
SWIT260
SWIT263
SWIT264
SWIT265
SWIT266
SWIT267
SWIT268
SWIT277
SWIT278
SWIT285
SWIT286
SWIT287
SWIT288
SWIT289
SWIT290
SWIT291
SWIT292
SWIT293
SWIT297
SWIT298
SWIT299
SWIT300
SWIT301
SWIT302
SWIT303
SWIT304
SWIT306
SWIT307
SWIT309
SWIT310
SWIT311
SWIT314
SWIT315
SWIT316
SWIT317
SWIT318
SWIT319
SWIT320
SWIT321
SWIT322
SWIT323
SWIT324
SWIT325
SWIT326
SWIT327
SWIT328
SWIT329
SWIT330
SWIT333
SWIT334
SWIT338
SWIT339
SWIT340
SWIT341
SWIT342
SWIT343
SWIT344
SWIT349
SWIT350
SWIT353
SWIT354
SWIT355
SWIT356
SWIT360
SWIT362
SWIT363
SWIT365
SWIT366
SWIT367
TH005
TN028
TN032
TURK033
TURK034
UKR001
UT528
VA028
VA029
VA20
WI007
WV005
WY040
WY041
