AK006
AK007
AK008
AK009
AK010
AK011
AK012
AK013
ARGE022
ARGE023
ARGE024
ARGE025
ARGE026
ARGE027
ARGE028
ARGE029
ARGE030
ARGE031
ARGE032
ARGE033
ARGE034
ARGE035
ARGE036
ARGE037
ARGE038
ARGE039
ARGE040
ARGE041
ARGE042
ARGE043
ARGE044
ARGE045
ARGE046
ARGE047
ARGE048
ARGE049
ARGE050
ARGE051
ARGE052
ARGE053
ARGE054
ARGE055
ARGE056
ARGE057
ARGE058
ARGE059
ARGE060
ARGE061
ARGE062
ARGE063
ARGE064
ARGE065
ARGE066
ARGE067
ARGE071
ARGE072
ARGE083
ARGE084
ARGE087
ARGE088
ARGE089
ARGE090
ARGE091
ARGE093
ARGE094
ARGE095
ARGE096
ARGE101
ARGE102
ARGE103
ARGE104
ARGE105
ARGE106
ARGE107
ARGE108
ARGE109
ARGE116
ARGE118
AUST005
AUST006
AUST007
AUST008
AZ551
AZ552
AZ553
AZ554
AZ555
AZ558
BELG001
BELG003
BRIT015
BRIT016
BRIT017
BRIT018
BRIT019
BRIT020
BRIT021
BRIT022
BRIT023
BRIT024
BRIT026
BRIT054
BRIT055
BRIT056
BRIT057
BULG001
CA507
CA556
CA557
CA558
CA559
CA560
CANA038
CANA039
CANA041
CANA042
CANA043
CANA044
CANA045
CANA046
CANA047
CANA048
CANA049
CANA050
CANA051
CANA052
CANA053
CANA054
CANA055
CANA056
CANA057
CANA058
CANA059
CANA060
CANA061
CANA062
CANA063
CANA064
CANA065
CANA066
CANA067
CANA068
CANA069
CANA070
CANA071
CANA072
CANA073
CANA074
CANA075
CANA076
CANA077
CANA078
CANA079
CANA080
CANA081
CANA082
CANA083
CANA084
CANA085
CANA086
CANA087
CANA088
CANA089
CANA090
CANA091
CANA092
CANA093
CANA094
CANA095
CANA096
CANA097
CANA098
CANA111
CANA112
CANA113
CANA114
CANA139
CANA140
CANA141
CANA142
CANA143
CANA144
CANA159
CHIL015
CHIL016
CHIL017
CHIL018
CO552
CO553
CO554
CO619
CYPR001
CYPR002
CYPR003
CYPR004
CYPR005
CYPR006
CYPR008
CYPR009
CYPR010
FINL010
FINL011
FINL012
FINL013
FINL014
FINL015
FINL016
FINL017
FINL018
FINL019
FINL020
FRAN015
FRAN016
FRAN017
FRAN018
FRAN020
FRAN021
FRAN022
FRAN023
FRAN024
FRAN025
FRAN026
FRAN027
FRAN028
GA001
GERM011
GERM038
GREE001
GREE002
GREE003
GREE004
GREE005
IA021
IA025
IA026
IA027
IA029
IA030
ID007
ID008
IL008
IL009
IL010
IL011
IL012
IL013
IL014
ITAL006
ITAL007
ITAL008
ITAL009
ITAL010
ITAL011
ITAL012
ITAL013
ITAL014
ITAL015
ITAL016
MO014
MT105
MT106
MT107
MT108
MT115
NEPA001
NEPA002
NEWZ023
NEWZ024
NEWZ025
NEWZ026
NEWZ027
NEWZ028
NEWZ030
NEWZ031
NEWZ032
NEWZ033
NEWZ034
NEWZ035
NEWZ036
NEWZ037
NEWZ038
NEWZ039
NEWZ040
NEWZ041
NEWZ042
NEWZ043
NEWZ044
NEWZ045
NEWZ046
NEWZ047
NEWZ048
NEWZ049
NEWZ050
NEWZ051
NEWZ052
NEWZ053
NEWZ054
NEWZ055
NEWZ101
NEWZ103
NEWZ104
NEWZ108
NEWZ109
NEWZ114
NEWZ115
NM569
NM570
NM571
NORW001
NORW002
NORW003
NORW004
NORW005
NORW006
NV500
NV505
OR042
OR043
OR044
OR045
OR057
OR058
OR081
POLA005
POLA006
POLA007
POLA008
POLA009
POLA010
POLA011
POLA012
POLA013
POLA014
POLA015
POLA016
POLA017
POLA018
POLA019
POLA020
ROMA002
ROMA003
SPAI001
SPAI002
SPAI003
SPAI004
SPAI005
SPAI006
SPAI007
SWED010
SWED011
SWED012
SWED013
SWED014
SWED015
SWED016
SWED017
SWED317
SWED318
SWED319
SWED322
SWED325
SWIT102
SWIT103
SWIT104
SWIT105
SWIT106
SWIT107
SWIT108
SWIT109
SWIT110
SWIT112
SWIT113
SWIT114
SWIT115
SWIT116
SWIT117
SWIT118
SWIT119
SWIT120
SWIT121
SWIT122
SWIT123
SWIT124
SWIT125
SWIT126
SWIT128
SWIT129
SWIT130
SWIT131
SWIT132
SWIT133
SWIT134
SWIT135
SWIT136
SWIT137
SWIT180
SWIT181
SWIT184
SWIT185
SWIT186
SWIT272
SWIT273
TURK015
TURK018
TURK036
TURK043
TX040
UT506
UT510
UT511
UT512
WA081
WA082
WA083
WA084
WY021
WY022
WY023
WY024
WY025
YUGO001
YUGO002
YUGO003
YUGO004
YUGO005
YUGO006
